<?xml version="1.0" encoding="UTF-8"?>
<robot generator="Robot 3.1.2 (Python 3.7.6 on darwin)" generated="20200125 10:58:54.726" rpa="false">
<suite id="s1" name="Robots" source="/Users/adriancorsini/Documents/playground/Google/full_testing_python/test/robots">
<suite id="s1-s1" name="Tests" source="/Users/adriancorsini/Documents/playground/Google/full_testing_python/test/robots/tests">
<suite id="s1-s1-s1" name="Bank" source="/Users/adriancorsini/Documents/playground/Google/full_testing_python/test/robots/tests/bank.robot">
<test id="s1-s1-s1-t1" name="Retrieve customer balance">
<kw name="Given I create the account 1111 with balance 50" library="steps">
<kw name="Create Account" library="robotLibrary">
<arguments>
<arg>${account_number}</arg>
<arg>${balance}</arg>
</arguments>
<msg timestamp="20200125 10:58:55.640" level="INFO">creating an account</msg>
<status status="PASS" starttime="20200125 10:58:55.640" endtime="20200125 10:58:55.640"></status>
</kw>
<status status="PASS" starttime="20200125 10:58:55.639" endtime="20200125 10:58:55.640"></status>
</kw>
<kw name="When I retrieve the account 1111" library="steps">
<kw name="Visit Homepage" library="robotLibrary">
<msg timestamp="20200125 10:58:55.645" level="INFO">Locating template "index.html":
    1: trying loader of application "bank.bank_app"
       class: jinja2.loaders.FileSystemLoader
       encoding: 'utf-8'
       followlinks: False
       searchpath:
         - /Users/adriancorsini/Documents/playground/Google/full_testing_python/bank/templates
       -&gt; found ('/Users/adriancorsini/Documents/playground/Google/full_testing_python/bank/templates/index.html')</msg>
<status status="PASS" starttime="20200125 10:58:55.641" endtime="20200125 10:58:55.648"></status>
</kw>
<kw name="Enter Account" library="robotLibrary">
<arguments>
<arg>${account_number}</arg>
</arguments>
<status status="PASS" starttime="20200125 10:58:55.649" endtime="20200125 10:58:55.651"></status>
</kw>
<status status="PASS" starttime="20200125 10:58:55.640" endtime="20200125 10:58:55.651"></status>
</kw>
<kw name="And the balance should be 50" library="steps">
<kw name="Get Balance" library="robotLibrary">
<arguments>
<arg>${balance}</arg>
</arguments>
<status status="PASS" starttime="20200125 10:58:55.652" endtime="20200125 10:58:55.652"></status>
</kw>
<status status="PASS" starttime="20200125 10:58:55.651" endtime="20200125 10:58:55.652"></status>
</kw>
<status status="PASS" starttime="20200125 10:58:55.638" endtime="20200125 10:58:55.653" critical="yes"></status>
</test>
<doc>Example Robot tests for bank application</doc>
<status status="PASS" starttime="20200125 10:58:54.756" endtime="20200125 10:58:55.653"></status>
</suite>
<status status="PASS" starttime="20200125 10:58:54.754" endtime="20200125 10:58:55.656"></status>
</suite>
<status status="PASS" starttime="20200125 10:58:54.729" endtime="20200125 10:58:55.658"></status>
</suite>
<statistics>
<total>
<stat pass="1" fail="0">Critical Tests</stat>
<stat pass="1" fail="0">All Tests</stat>
</total>
<tag>
</tag>
<suite>
<stat pass="1" fail="0" id="s1" name="Robots">Robots</stat>
<stat pass="1" fail="0" id="s1-s1" name="Tests">Robots.Tests</stat>
<stat pass="1" fail="0" id="s1-s1-s1" name="Bank">Robots.Tests.Bank</stat>
</suite>
</statistics>
<errors>
</errors>
</robot>
