<?xml version="1.0" encoding="UTF-8"?>
<robot generator="Robot 3.1.2 (Python 3.7.6 on darwin)" generated="20200125 21:15:33.373" rpa="false">
<suite id="s1" name="Robots" source="/Users/adriancorsini/Documents/playground/Google/full_testing_python/tests/robots">
<suite id="s1-s1" name="Tests" source="/Users/adriancorsini/Documents/playground/Google/full_testing_python/tests/robots/tests">
<suite id="s1-s1-s1" name="Bank" source="/Users/adriancorsini/Documents/playground/Google/full_testing_python/tests/robots/tests/bank.robot">
<test id="s1-s1-s1-t1" name="Retrieve customer balance">
<kw name="Given I create the account 1111 with balance 50" library="steps">
<kw name="Create Account" library="robotLibrary">
<arguments>
<arg>${account_number}</arg>
<arg>${balance}</arg>
</arguments>
<msg timestamp="20200125 21:15:33.707" level="INFO">creating an account</msg>
<status status="PASS" starttime="20200125 21:15:33.707" endtime="20200125 21:15:33.707"></status>
</kw>
<status status="PASS" starttime="20200125 21:15:33.706" endtime="20200125 21:15:33.708"></status>
</kw>
<kw name="When I retrieve the account 1111" library="steps">
<kw name="Visit Homepage" library="robotLibrary">
<msg timestamp="20200125 21:15:33.711" level="INFO">Locating template "index.html":
    1: trying loader of application "my_bank.bank_app"
       class: jinja2.loaders.FileSystemLoader
       encoding: 'utf-8'
       followlinks: False
       searchpath:
         - /Users/adriancorsini/Documents/playground/Google/full_testing_python/my_bank/templates
       -&gt; found ('/Users/adriancorsini/Documents/playground/Google/full_testing_python/my_bank/templates/index.html')</msg>
<status status="PASS" starttime="20200125 21:15:33.708" endtime="20200125 21:15:33.718"></status>
</kw>
<kw name="Enter Account" library="robotLibrary">
<arguments>
<arg>${account_number}</arg>
</arguments>
<status status="PASS" starttime="20200125 21:15:33.718" endtime="20200125 21:15:33.721"></status>
</kw>
<status status="PASS" starttime="20200125 21:15:33.708" endtime="20200125 21:15:33.721"></status>
</kw>
<kw name="And the balance should be 50" library="steps">
<kw name="Get Balance" library="robotLibrary">
<arguments>
<arg>${balance}</arg>
</arguments>
<status status="PASS" starttime="20200125 21:15:33.721" endtime="20200125 21:15:33.722"></status>
</kw>
<status status="PASS" starttime="20200125 21:15:33.721" endtime="20200125 21:15:33.722"></status>
</kw>
<status status="PASS" starttime="20200125 21:15:33.706" endtime="20200125 21:15:33.722" critical="yes"></status>
</test>
<doc>Example Robot tests for bank application</doc>
<status status="PASS" starttime="20200125 21:15:33.397" endtime="20200125 21:15:33.722"></status>
</suite>
<status status="PASS" starttime="20200125 21:15:33.396" endtime="20200125 21:15:33.723"></status>
</suite>
<status status="PASS" starttime="20200125 21:15:33.375" endtime="20200125 21:15:33.723"></status>
</suite>
<statistics>
<total>
<stat pass="1" fail="0">Critical Tests</stat>
<stat pass="1" fail="0">All Tests</stat>
</total>
<tag>
</tag>
<suite>
<stat pass="1" fail="0" id="s1" name="Robots">Robots</stat>
<stat pass="1" fail="0" id="s1-s1" name="Tests">Robots.Tests</stat>
<stat pass="1" fail="0" id="s1-s1-s1" name="Bank">Robots.Tests.Bank</stat>
</suite>
</statistics>
<errors>
</errors>
</robot>
